<?xml version="1.0" encoding="UTF-8"?>
<!-- Generated by org.testng.reporters.JUnitXMLReporter -->
<testsuite hostname="susanta-PC" name="Default test" tests="2" failures="0" timestamp="15 Sep 2014 15:34:49 GMT" time="31.189" errors="0">
  <testcase name="createCustomerTest" time="5.413" classname="com.actitime.projectandcustomertest.ProjectAndCustomerTest"/>
  <testcase name="verifyCustomerDetailsInWebTableTest" time="1.825" classname="com.actitime.projectandcustomertest.ProjectAndCustomerTest"/>
</testsuite> <!-- Default test -->
