<?xml version="1.0" encoding="UTF-8"?>
<testng-results skipped="2" failed="0" total="4" passed="2">
  <reporter-output>
  </reporter-output>
  <suite name="Suite" duration-ms="19391" started-at="2015-02-09T06:17:11Z" finished-at="2015-02-09T06:17:31Z">
    <groups>
    </groups>
    <test name="Test" duration-ms="19391" started-at="2015-02-09T06:17:11Z" finished-at="2015-02-09T06:17:31Z">
      <class name="com.actitime.projectandcustomertest.SampleTestForSh">
        <test-method status="PASS" signature="configBeforeMeth()[pri:0, instance:com.actitime.projectandcustomertest.SampleTestForSh@154b574]" name="configBeforeMeth" is-config="true" duration-ms="0" started-at="2015-02-09T11:47:25Z" finished-at="2015-02-09T11:47:25Z">
          <reporter-output>
          </reporter-output>
        </test-method> <!-- configBeforeMeth -->
        <test-method status="PASS" signature="createCust()[pri:0, instance:com.actitime.projectandcustomertest.SampleTestForSh@154b574]" name="createCust" duration-ms="5706" started-at="2015-02-09T11:47:25Z" finished-at="2015-02-09T11:47:31Z">
          <reporter-output>
          </reporter-output>
        </test-method> <!-- createCust -->
        <test-method status="PASS" signature="configAfterMeth(org.testng.ITestResult)[pri:0, instance:com.actitime.projectandcustomertest.SampleTestForSh@154b574]" name="configAfterMeth" is-config="true" duration-ms="1" started-at="2015-02-09T11:47:31Z" finished-at="2015-02-09T11:47:31Z">
          <params>
            <param index="0">
              <value>
                <![CDATA[[TestResult name=createCust status=SUCCESS method=SampleTestForSh.createCust()[pri:0, instance:com.actitime.projectandcustomertest.SampleTestForSh@154b574] output={null}]]]>
              </value>
            </param>
          </params>
          <reporter-output>
          </reporter-output>
        </test-method> <!-- configAfterMeth -->
        <test-method status="PASS" signature="configAfterMeth(org.testng.ITestResult)[pri:0, instance:com.actitime.projectandcustomertest.SampleTestForSh@154b574]" name="configAfterMeth" is-config="true" duration-ms="1" started-at="2015-02-09T11:47:31Z" finished-at="2015-02-09T11:47:31Z">
          <params>
            <param index="0">
              <value>
                <![CDATA[[TestResult name=modifyCust status=SUCCESS method=SampleTestForSh.modifyCust()[pri:0, instance:com.actitime.projectandcustomertest.SampleTestForSh@154b574] output={null}]]]>
              </value>
            </param>
          </params>
          <reporter-output>
          </reporter-output>
        </test-method> <!-- configAfterMeth -->
        <test-method status="PASS" signature="configBeforeMeth()[pri:0, instance:com.actitime.projectandcustomertest.SampleTestForSh@154b574]" name="configBeforeMeth" is-config="true" duration-ms="0" started-at="2015-02-09T11:47:31Z" finished-at="2015-02-09T11:47:31Z">
          <reporter-output>
          </reporter-output>
        </test-method> <!-- configBeforeMeth -->
        <test-method status="PASS" signature="modifyCust()[pri:0, instance:com.actitime.projectandcustomertest.SampleTestForSh@154b574]" name="modifyCust" duration-ms="0" started-at="2015-02-09T11:47:31Z" finished-at="2015-02-09T11:47:31Z">
          <reporter-output>
          </reporter-output>
        </test-method> <!-- modifyCust -->
      </class> <!-- com.actitime.projectandcustomertest.SampleTestForSh -->
      <class name="com.actitime.projectandcustomertest.ProjectAndCustomerTest">
        <test-method status="PASS" signature="configBeforeClass()[pri:0, instance:com.actitime.projectandcustomertest.ProjectAndCustomerTest@1146a9a]" name="configBeforeClass" is-config="true" duration-ms="13674" started-at="2015-02-09T11:47:11Z" finished-at="2015-02-09T11:47:25Z">
          <reporter-output>
          </reporter-output>
        </test-method> <!-- configBeforeClass -->
        <test-method status="FAIL" signature="configBeforeMtd()[pri:0, instance:com.actitime.projectandcustomertest.ProjectAndCustomerTest@1146a9a]" name="configBeforeMtd" is-config="true" duration-ms="0" started-at="2015-02-09T11:47:25Z" finished-at="2015-02-09T11:47:25Z">
          <exception class="java.io.FileNotFoundException">
            <message>
              <![CDATA[C:\Users\susanta\Desktop\Test_Data.xlsx (The system cannot find the path specified)]]>
            </message>
            <full-stacktrace>
              <![CDATA[java.io.FileNotFoundException: C:\Users\susanta\Desktop\Test_Data.xlsx (The system cannot find the path specified)
	at java.io.FileInputStream.open(Native Method)
	at java.io.FileInputStream.<init>(FileInputStream.java:146)
	at java.io.FileInputStream.<init>(FileInputStream.java:101)
	at com.actitime.genericLib.ExcelLib.getExcelData(ExcelLib.java:18)
	at com.actitime.projectandcustomertest.ProjectAndCustomerTest.configBeforeMtd(ProjectAndCustomerTest.java:50)
	at sun.reflect.NativeMethodAccessorImpl.invoke0(Native Method)
	at sun.reflect.NativeMethodAccessorImpl.invoke(NativeMethodAccessorImpl.java:57)
	at sun.reflect.DelegatingMethodAccessorImpl.invoke(DelegatingMethodAccessorImpl.java:43)
	at java.lang.reflect.Method.invoke(Method.java:606)
	at org.testng.internal.MethodInvocationHelper.invokeMethod(MethodInvocationHelper.java:84)
	at org.testng.internal.Invoker.invokeConfigurationMethod(Invoker.java:564)
	at org.testng.internal.Invoker.invokeConfigurations(Invoker.java:213)
	at org.testng.internal.Invoker.invokeMethod(Invoker.java:653)
	at org.testng.internal.Invoker.invokeTestMethod(Invoker.java:901)
	at org.testng.internal.Invoker.invokeTestMethods(Invoker.java:1231)
	at org.testng.internal.TestMethodWorker.invokeTestMethods(TestMethodWorker.java:127)
	at org.testng.internal.TestMethodWorker.run(TestMethodWorker.java:111)
	at org.testng.TestRunner.privateRun(TestRunner.java:767)
	at org.testng.TestRunner.run(TestRunner.java:617)
	at org.testng.SuiteRunner.runTest(SuiteRunner.java:334)
	at org.testng.SuiteRunner.runSequentially(SuiteRunner.java:329)
	at org.testng.SuiteRunner.privateRun(SuiteRunner.java:291)
	at org.testng.SuiteRunner.run(SuiteRunner.java:240)
	at org.testng.SuiteRunnerWorker.runSuite(SuiteRunnerWorker.java:52)
	at org.testng.SuiteRunnerWorker.run(SuiteRunnerWorker.java:86)
	at org.testng.TestNG.runSuitesSequentially(TestNG.java:1224)
	at org.testng.TestNG.runSuitesLocally(TestNG.java:1149)
	at org.testng.TestNG.run(TestNG.java:1057)
	at org.testng.TestNG.privateMain(TestNG.java:1364)
	at org.testng.TestNG.main(TestNG.java:1333)
]]>
            </full-stacktrace>
          </exception> <!-- java.io.FileNotFoundException -->
          <reporter-output>
          </reporter-output>
        </test-method> <!-- configBeforeMtd -->
        <test-method status="SKIP" signature="createCustomerTest()[pri:0, instance:com.actitime.projectandcustomertest.ProjectAndCustomerTest@1146a9a]" name="createCustomerTest" duration-ms="0" started-at="2015-02-09T11:47:25Z" finished-at="2015-02-09T11:47:25Z">
          <reporter-output>
          </reporter-output>
        </test-method> <!-- createCustomerTest -->
        <test-method status="SKIP" signature="configAfterClass()[pri:0, instance:com.actitime.projectandcustomertest.ProjectAndCustomerTest@1146a9a]" name="configAfterClass" is-config="true" duration-ms="0" started-at="2015-02-09T11:47:25Z" finished-at="2015-02-09T11:47:25Z">
          <reporter-output>
          </reporter-output>
        </test-method> <!-- configAfterClass -->
        <test-method status="SKIP" signature="configBeforeMtd()[pri:0, instance:com.actitime.projectandcustomertest.ProjectAndCustomerTest@1146a9a]" name="configBeforeMtd" is-config="true" duration-ms="0" started-at="2015-02-09T11:47:25Z" finished-at="2015-02-09T11:47:25Z">
          <reporter-output>
          </reporter-output>
        </test-method> <!-- configBeforeMtd -->
        <test-method status="SKIP" signature="configAfterMtd()[pri:0, instance:com.actitime.projectandcustomertest.ProjectAndCustomerTest@1146a9a]" name="configAfterMtd" is-config="true" duration-ms="0" started-at="2015-02-09T11:47:25Z" finished-at="2015-02-09T11:47:25Z">
          <reporter-output>
          </reporter-output>
        </test-method> <!-- configAfterMtd -->
        <test-method status="SKIP" signature="verifyCustomerDetailsInWebTableTest()[pri:0, instance:com.actitime.projectandcustomertest.ProjectAndCustomerTest@1146a9a]" name="verifyCustomerDetailsInWebTableTest" duration-ms="0" started-at="2015-02-09T11:47:25Z" finished-at="2015-02-09T11:47:25Z">
          <reporter-output>
          </reporter-output>
        </test-method> <!-- verifyCustomerDetailsInWebTableTest -->
        <test-method status="SKIP" signature="configAfterMtd()[pri:0, instance:com.actitime.projectandcustomertest.ProjectAndCustomerTest@1146a9a]" name="configAfterMtd" is-config="true" duration-ms="0" started-at="2015-02-09T11:47:25Z" finished-at="2015-02-09T11:47:25Z">
          <reporter-output>
          </reporter-output>
        </test-method> <!-- configAfterMtd -->
      </class> <!-- com.actitime.projectandcustomertest.ProjectAndCustomerTest -->
    </test> <!-- Test -->
  </suite> <!-- Suite -->
</testng-results>
